<?xml version="1.0" encoding="UTF-8"?>
<!-- Generated by org.testng.reporters.JUnitXMLReporter -->
<testsuite hostname="EVC156-2" ignored="1" name="Default test" tests="3" failures="0" timestamp="2022-05-09T21:50:16 IST" time="6.819" errors="0">
  <testcase name="verifyTitle" time="0.178" classname="com.qa.amazon.testcases.HomepageTestcases"/>
  <testcase name="veriftySearchBox" time="0.037" classname="com.qa.amazon.testcases.HomepageTestcases"/>
  <testcase name="verifySearchBoxbtn" time="0.039" classname="com.qa.amazon.testcases.HomepageTestcases"/>
  <testcase name="verifySignbtn" time="0.0" classname="com.qa.amazon.testcases.HomepageTestcases">
    <ignored/>
  </testcase> <!-- verifySignbtn -->
</testsuite> <!-- Default test -->
