<?xml version="1.0" encoding="UTF-8"?>
<!-- Generated by org.testng.reporters.JUnitXMLReporter -->
<testsuite hostname="EVC156-2" ignored="1" name="Test" tests="6" failures="0" timestamp="2022-05-10T06:15:51 IST" time="15.815" errors="0">
  <testcase name="verifyTitle" time="0.363" classname="com.qa.amazon.testcases.HomepageTestcases"/>
  <testcase name="veriftySearchBox" time="0.064" classname="com.qa.amazon.testcases.HomepageTestcases"/>
  <testcase name="verifySearchBoxbtn" time="0.041" classname="com.qa.amazon.testcases.HomepageTestcases"/>
  <testcase name="verifySearchbox" time="0.283" classname="com.qa.amazon.testcases.TodayDealsTestcases"/>
  <testcase name="verifySearchboxbtn" time="0.029" classname="com.qa.amazon.testcases.TodayDealsTestcases"/>
  <testcase name="verifyPrimebtn" time="0.072" classname="com.qa.amazon.testcases.TodayDealsTestcases"/>
  <testcase name="verifySignbtn" time="0.0" classname="com.qa.amazon.testcases.HomepageTestcases">
    <ignored/>
  </testcase> <!-- verifySignbtn -->
</testsuite> <!-- Test -->
