<?xml version="1.0" encoding="UTF-8"?>
<!-- Generated by org.testng.reporters.JUnitXMLReporter -->
<testsuite hostname="EVC156-2" ignored="1" name="AmazonEcommerce" tests="6" failures="0" timestamp="2022-05-09T21:52:34 IST" time="11.143" errors="0">
  <testcase name="verifyTitle" time="0.342" classname="com.qa.amazon.testcases.HomepageTestcases"/>
  <testcase name="veriftySearchBox" time="0.104" classname="com.qa.amazon.testcases.HomepageTestcases"/>
  <testcase name="verifySearchBoxbtn" time="0.046" classname="com.qa.amazon.testcases.HomepageTestcases"/>
  <testcase name="verifySearchbox" time="0.26" classname="com.qa.amazon.testcases.TodayDealsTestcases"/>
  <testcase name="verifySearchboxbtn" time="0.073" classname="com.qa.amazon.testcases.TodayDealsTestcases"/>
  <testcase name="verifyPrimebtn" time="0.094" classname="com.qa.amazon.testcases.TodayDealsTestcases"/>
  <testcase name="verifySignbtn" time="0.0" classname="com.qa.amazon.testcases.HomepageTestcases">
    <ignored/>
  </testcase> <!-- verifySignbtn -->
</testsuite> <!-- AmazonEcommerce -->
